<?xml version="1.0" encoding="UTF-8"?>
<testsuite name="whz.pti.eva.GradeCalculatorTekariChalehAljarrahApplicationTests" tests="1" skipped="0" failures="0" errors="0" timestamp="2022-10-31T17:27:38" hostname="AMARO-LABTOP" time="0.748">
  <properties/>
  <testcase name="contextLoads()" classname="whz.pti.eva.GradeCalculatorTekariChalehAljarrahApplicationTests" time="0.748"/>
  <system-out><![CDATA[18:27:30.075 [Test worker] DEBUG org.springframework.test.context.BootstrapUtils - Instantiating CacheAwareContextLoaderDelegate from class [org.springframework.test.context.cache.DefaultCacheAwareContextLoaderDelegate]
18:27:30.090 [Test worker] DEBUG org.springframework.test.context.BootstrapUtils - Instantiating BootstrapContext using constructor [public org.springframework.test.context.support.DefaultBootstrapContext(java.lang.Class,org.springframework.test.context.CacheAwareContextLoaderDelegate)]
18:27:30.139 [Test worker] DEBUG org.springframework.test.context.BootstrapUtils - Instantiating TestContextBootstrapper for test class [whz.pti.eva.GradeCalculatorTekariChalehAljarrahApplicationTests] from class [org.springframework.boot.test.context.SpringBootTestContextBootstrapper]
18:27:30.153 [Test worker] INFO org.springframework.boot.test.context.SpringBootTestContextBootstrapper - Neither @ContextConfiguration nor @ContextHierarchy found for test class [whz.pti.eva.GradeCalculatorTekariChalehAljarrahApplicationTests], using SpringBootContextLoader
18:27:30.160 [Test worker] DEBUG org.springframework.test.context.support.AbstractContextLoader - Did not detect default resource location for test class [whz.pti.eva.GradeCalculatorTekariChalehAljarrahApplicationTests]: class path resource [whz/pti/eva/GradeCalculatorTekariChalehAljarrahApplicationTests-context.xml] does not exist
18:27:30.161 [Test worker] DEBUG org.springframework.test.context.support.AbstractContextLoader - Did not detect default resource location for test class [whz.pti.eva.GradeCalculatorTekariChalehAljarrahApplicationTests]: class path resource [whz/pti/eva/GradeCalculatorTekariChalehAljarrahApplicationTestsContext.groovy] does not exist
18:27:30.161 [Test worker] INFO org.springframework.test.context.support.AbstractContextLoader - Could not detect default resource locations for test class [whz.pti.eva.GradeCalculatorTekariChalehAljarrahApplicationTests]: no resource found for suffixes {-context.xml, Context.groovy}.
18:27:30.162 [Test worker] INFO org.springframework.test.context.support.AnnotationConfigContextLoaderUtils - Could not detect default configuration classes for test class [whz.pti.eva.GradeCalculatorTekariChalehAljarrahApplicationTests]: GradeCalculatorTekariChalehAljarrahApplicationTests does not declare any static, non-private, non-final, nested classes annotated with @Configuration.
18:27:30.228 [Test worker] DEBUG org.springframework.test.context.support.ActiveProfilesUtils - Could not find an 'annotation declaring class' for annotation type [org.springframework.test.context.ActiveProfiles] and class [whz.pti.eva.GradeCalculatorTekariChalehAljarrahApplicationTests]
18:27:30.314 [Test worker] DEBUG org.springframework.context.annotation.ClassPathScanningCandidateComponentProvider - Identified candidate component class: file [C:\EVA Projects\GradeCalculator_Tekari_Chaleh_Aljarrah\build\classes\java\main\whz\pti\eva\GradeCalculatorTekariChalehAljarrahApplication.class]
18:27:30.315 [Test worker] INFO org.springframework.boot.test.context.SpringBootTestContextBootstrapper - Found @SpringBootConfiguration whz.pti.eva.GradeCalculatorTekariChalehAljarrahApplication for test class whz.pti.eva.GradeCalculatorTekariChalehAljarrahApplicationTests
18:27:30.437 [Test worker] DEBUG org.springframework.boot.test.context.SpringBootTestContextBootstrapper - @TestExecutionListeners is not present for class [whz.pti.eva.GradeCalculatorTekariChalehAljarrahApplicationTests]: using defaults.
18:27:30.438 [Test worker] INFO org.springframework.boot.test.context.SpringBootTestContextBootstrapper - Loaded default TestExecutionListener class names from location [META-INF/spring.factories]: [org.springframework.boot.test.autoconfigure.restdocs.RestDocsTestExecutionListener, org.springframework.boot.test.autoconfigure.web.client.MockRestServiceServerResetTestExecutionListener, org.springframework.boot.test.autoconfigure.web.servlet.MockMvcPrintOnlyOnFailureTestExecutionListener, org.springframework.boot.test.autoconfigure.web.servlet.WebDriverTestExecutionListener, org.springframework.boot.test.autoconfigure.webservices.client.MockWebServiceServerTestExecutionListener, org.springframework.boot.test.mock.mockito.MockitoTestExecutionListener, org.springframework.boot.test.mock.mockito.ResetMocksTestExecutionListener, org.springframework.test.context.web.ServletTestExecutionListener, org.springframework.test.context.support.DirtiesContextBeforeModesTestExecutionListener, org.springframework.test.context.event.ApplicationEventsTestExecutionListener, org.springframework.test.context.support.DependencyInjectionTestExecutionListener, org.springframework.test.context.support.DirtiesContextTestExecutionListener, org.springframework.test.context.transaction.TransactionalTestExecutionListener, org.springframework.test.context.jdbc.SqlScriptsTestExecutionListener, org.springframework.test.context.event.EventPublishingTestExecutionListener]
18:27:30.458 [Test worker] INFO org.springframework.boot.test.context.SpringBootTestContextBootstrapper - Using TestExecutionListeners: [org.springframework.test.context.web.ServletTestExecutionListener@7e809b79, org.springframework.test.context.support.DirtiesContextBeforeModesTestExecutionListener@5cc126dc, org.springframework.test.context.event.ApplicationEventsTestExecutionListener@625e134e, org.springframework.boot.test.mock.mockito.MockitoTestExecutionListener@72bd06ca, org.springframework.boot.test.autoconfigure.SpringBootDependencyInjectionTestExecutionListener@89c10b7, org.springframework.test.context.support.DirtiesContextTestExecutionListener@5dbe30be, org.springframework.test.context.transaction.TransactionalTestExecutionListener@4fe89c24, org.springframework.test.context.jdbc.SqlScriptsTestExecutionListener@55795845, org.springframework.test.context.event.EventPublishingTestExecutionListener@3d08f3f5, org.springframework.boot.test.autoconfigure.restdocs.RestDocsTestExecutionListener@119f1f2a, org.springframework.boot.test.autoconfigure.web.client.MockRestServiceServerResetTestExecutionListener@1a1da881, org.springframework.boot.test.autoconfigure.web.servlet.MockMvcPrintOnlyOnFailureTestExecutionListener@5b970f7, org.springframework.boot.test.autoconfigure.web.servlet.WebDriverTestExecutionListener@7fd4acee, org.springframework.boot.test.autoconfigure.webservices.client.MockWebServiceServerTestExecutionListener@165b8a71, org.springframework.boot.test.mock.mockito.ResetMocksTestExecutionListener@6175619b]
18:27:30.462 [Test worker] DEBUG org.springframework.test.context.support.AbstractDirtiesContextTestExecutionListener - Before test class: context [DefaultTestContext@452ba1db testClass = GradeCalculatorTekariChalehAljarrahApplicationTests, testInstance = [null], testMethod = [null], testException = [null], mergedContextConfiguration = [WebMergedContextConfiguration@2289aca5 testClass = GradeCalculatorTekariChalehAljarrahApplicationTests, locations = '{}', classes = '{class whz.pti.eva.GradeCalculatorTekariChalehAljarrahApplication}', contextInitializerClasses = '[]', activeProfiles = '{}', propertySourceLocations = '{}', propertySourceProperties = '{org.springframework.boot.test.context.SpringBootTestContextBootstrapper=true}', contextCustomizers = set[org.springframework.boot.test.autoconfigure.actuate.metrics.MetricsExportContextCustomizerFactory$DisableMetricExportContextCustomizer@16fdec90, org.springframework.boot.test.autoconfigure.properties.PropertyMappingContextCustomizer@0, org.springframework.boot.test.autoconfigure.web.servlet.WebDriverContextCustomizerFactory$Customizer@5a709816, org.springframework.boot.test.context.filter.ExcludeFilterContextCustomizer@34a875b3, org.springframework.boot.test.json.DuplicateJsonObjectContextCustomizerFactory$DuplicateJsonObjectContextCustomizer@6d1ef78d, org.springframework.boot.test.mock.mockito.MockitoContextCustomizer@0, org.springframework.boot.test.web.client.TestRestTemplateContextCustomizer@71529963, org.springframework.boot.test.context.SpringBootTestArgs@1, org.springframework.boot.test.context.SpringBootTestWebEnvironment@fa49800], resourceBasePath = 'src/main/webapp', contextLoader = 'org.springframework.boot.test.context.SpringBootContextLoader', parent = [null]], attributes = map['org.springframework.test.context.web.ServletTestExecutionListener.activateListener' -> true]], class annotated with @DirtiesContext [false] with mode [null].

  .   ____          _            __ _ _
 /\\ / ___'_ __ _ _(_)_ __  __ _ \ \ \ \
( ( )\___ | '_ | '_| | '_ \/ _` | \ \ \ \
 \\/  ___)| |_)| | | | | || (_| |  ) ) ) )
  '  |____| .__|_| |_|_| |_\__, | / / / /
 =========|_|==============|___/=/_/_/_/
 :: Spring Boot ::      (v2.6.13-SNAPSHOT)

2022-10-31 18:27:31.089  INFO 8492 --- [    Test worker] atorTekariChalehAljarrahApplicationTests : Starting GradeCalculatorTekariChalehAljarrahApplicationTests using Java 17.0.5 on Amaro-Labtop with PID 8492 (started by Ammar in C:\EVA Projects\GradeCalculator_Tekari_Chaleh_Aljarrah)
2022-10-31 18:27:31.091  INFO 8492 --- [    Test worker] atorTekariChalehAljarrahApplicationTests : No active profile set, falling back to 1 default profile: "default"
2022-10-31 18:27:32.112  INFO 8492 --- [    Test worker] .s.d.r.c.RepositoryConfigurationDelegate : Bootstrapping Spring Data JPA repositories in DEFAULT mode.
2022-10-31 18:27:32.188  INFO 8492 --- [    Test worker] .s.d.r.c.RepositoryConfigurationDelegate : Finished Spring Data repository scanning in 63 ms. Found 1 JPA repository interfaces.
2022-10-31 18:27:32.948  INFO 8492 --- [    Test worker] com.zaxxer.hikari.HikariDataSource       : HikariPool-1 - Starting...
2022-10-31 18:27:33.161  INFO 8492 --- [    Test worker] com.zaxxer.hikari.HikariDataSource       : HikariPool-1 - Start completed.
2022-10-31 18:27:33.272  INFO 8492 --- [    Test worker] o.hibernate.jpa.internal.util.LogHelper  : HHH000204: Processing PersistenceUnitInfo [name: default]
2022-10-31 18:27:33.387  INFO 8492 --- [    Test worker] org.hibernate.Version                    : HHH000412: Hibernate ORM core version 5.6.12.Final
2022-10-31 18:27:33.848  INFO 8492 --- [    Test worker] o.hibernate.annotations.common.Version   : HCANN000001: Hibernate Commons Annotations {5.1.2.Final}
2022-10-31 18:27:34.289  INFO 8492 --- [    Test worker] org.hibernate.dialect.Dialect            : HHH000400: Using dialect: org.hibernate.dialect.H2Dialect
2022-10-31 18:27:35.861  INFO 8492 --- [    Test worker] o.h.e.t.j.p.i.JtaPlatformInitiator       : HHH000490: Using JtaPlatform implementation: [org.hibernate.engine.transaction.jta.platform.internal.NoJtaPlatform]
2022-10-31 18:27:35.882  INFO 8492 --- [    Test worker] j.LocalContainerEntityManagerFactoryBean : Initialized JPA EntityManagerFactory for persistence unit 'default'
2022-10-31 18:27:37.064  WARN 8492 --- [    Test worker] JpaBaseConfiguration$JpaWebConfiguration : spring.jpa.open-in-view is enabled by default. Therefore, database queries may be performed during view rendering. Explicitly configure spring.jpa.open-in-view to disable this warning
2022-10-31 18:27:38.830  INFO 8492 --- [    Test worker] atorTekariChalehAljarrahApplicationTests : Started GradeCalculatorTekariChalehAljarrahApplicationTests in 8.271 seconds (JVM running for 10.448)
Hallo Welt
]]></system-out>
  <system-err><![CDATA[]]></system-err>
</testsuite>
